# JRE version: OpenJDK Runtime Environment Temurin-21.0.7+6 (21.0.7+6) (build 21.0.7+6-LTS)
# Java VM: OpenJDK 64-Bit Server VM Temurin-21.0.7+6 (21.0.7+6-LTS, mixed mode, sharing, tiered, compressed oops, compressed class ptrs, g1 gc, windows-amd64)
GC Precious Log:
 CardTable entry size: 512
 Card Set container configuration: InlinePtr #cards 5 size 8 Array Of Cards #cards 12 size 40 Howl #buckets 4 coarsen threshold 1843 Howl Bitmap #cards 512 size 80 coarsen threshold 460 Card regions per heap region 1 cards per card region 2048
 CPUs: 8 total, 8 available
 Memory: 7591M
 Large Page Support: Disabled
 NUMA Support: Disabled
 Compressed Oops: Enabled (32-bit)
 Heap Region Size: 1M
 Heap Min Capacity: 64M
 Heap Initial Capacity: 64M
 Heap Max Capacity: 64M
 Pre-touch: Disabled
 Parallel Workers: 8
 Concurrent Workers: 2
 Concurrent Refinement Workers: 8
 Periodic GC: Disabled
Heap:
 garbage-first heap   total 65536K, used 16400K [0x00000000fc000000, 0x0000000100000000)
  region size 1024K, 6 young (6144K), 1 survivors (1024K)
 Metaspace       used 10564K, committed 10880K, reserved 1114112K
  class space    used 1341K, committed 1536K, reserved 1048576K
GC Heap History (6 events):
Event: 0.921 GC heap before
{Heap before GC invocations=0 (full 0):
 garbage-first heap   total 65536K, used 22528K [0x00000000fc000000, 0x0000000100000000)
  region size 1024K, 23 young (23552K), 0 survivors (0K)
 Metaspace       used 1707K, committed 1920K, reserved 1114112K
  class space    used 151K, committed 256K, reserved 1048576K
}
Event: 0.927 GC heap after
{Heap after GC invocations=1 (full 0):
 garbage-first heap   total 65536K, used 2816K [0x00000000fc000000, 0x0000000100000000)
  region size 1024K, 3 young (3072K), 3 survivors (3072K)
 Metaspace       used 1707K, committed 1920K, reserved 1114112K
  class space    used 151K, committed 256K, reserved 1048576K
}
Event: 5.846 GC heap before
{Heap before GC invocations=1 (full 0):
 garbage-first heap   total 65536K, used 37632K [0x00000000fc000000, 0x0000000100000000)
  region size 1024K, 35 young (35840K), 3 survivors (3072K)
 Metaspace       used 10054K, committed 10368K, reserved 1114112K
  class space    used 1333K, committed 1472K, reserved 1048576K
}
Event: 5.857 GC heap after
{Heap after GC invocations=2 (full 0):
 garbage-first heap   total 65536K, used 11489K [0x00000000fc000000, 0x0000000100000000)
  region size 1024K, 5 young (5120K), 5 survivors (5120K)
 Metaspace       used 10054K, committed 10368K, reserved 1114112K
  class space    used 1333K, committed 1472K, reserved 1048576K
}
Event: 200.017 GC heap before
{Heap before GC invocations=2 (full 0):
 garbage-first heap   total 65536K, used 43233K [0x00000000fc000000, 0x0000000100000000)
  region size 1024K, 36 young (36864K), 5 survivors (5120K)
 Metaspace       used 10562K, committed 10880K, reserved 1114112K
  class space    used 1341K, committed 1536K, reserved 1048576K
}
Event: 200.070 GC heap after
{Heap after GC invocations=3 (full 0):
 garbage-first heap   total 65536K, used 12304K [0x00000000fc000000, 0x0000000100000000)
  region size 1024K, 1 young (1024K), 1 survivors (1024K)
 Metaspace       used 10562K, committed 10880K, reserved 1114112K
  class space    used 1341K, committed 1536K, reserved 1048576K
}

